Started GET "/" for ::1 at 2021-01-20 18:10:00 +0900
Started GET "/" for ::1 at 2021-01-20 18:10:00 +0900
  [1m[35m (38.6ms)[0m  [1m[34mSELECT sqlite_version(*)[0m
Processing by Rails::WelcomeController#index as HTML
Processing by Rails::WelcomeController#index as HTML
  Rendering C:/Ruby27-x64/lib/ruby/gems/2.7.0/gems/railties-6.1.1/lib/rails/templates/rails/welcome/index.html.erb
  Rendering C:/Ruby27-x64/lib/ruby/gems/2.7.0/gems/railties-6.1.1/lib/rails/templates/rails/welcome/index.html.erb
  Rendered C:/Ruby27-x64/lib/ruby/gems/2.7.0/gems/railties-6.1.1/lib/rails/templates/rails/welcome/index.html.erb (Duration: 46.1ms | Allocations: 479)
  Rendered C:/Ruby27-x64/lib/ruby/gems/2.7.0/gems/railties-6.1.1/lib/rails/templates/rails/welcome/index.html.erb (Duration: 61.0ms | Allocations: 540)
Completed 200 OK in 375ms (Views: 219.9ms | ActiveRecord: 0.0ms | Allocations: 4304)


Completed 200 OK in 346ms (Views: 198.9ms | ActiveRecord: 0.0ms | Allocations: 4120)


Started GET "/home/top" for ::1 at 2021-01-20 18:12:27 +0900
Processing by HomeController#top as HTML
  Rendering layout layouts/application.html.erb
  Rendering home/top.html.erb within layouts/application
  Rendered home/top.html.erb within layouts/application (Duration: 0.7ms | Allocations: 106)
[Webpacker] Compiling...
[Webpacker] Compilation failed:
yarn run v1.22.5
info Visit https://yarnpkg.com/en/docs/cli/run for documentation about this command.


error Command "webpack" not found.

  Rendered layout layouts/application.html.erb (Duration: 3748.8ms | Allocations: 21078)
Completed 500 Internal Server Error in 3765ms (Allocations: 22139)


  
ActionView::Template::Error (Webpacker can't find application.js in C:/Users/munen/Desktop/ruby.test/student_app/public/packs/manifest.json. Possible causes:
1. You want to set webpacker.yml value of compile to true for your environment
   unless you are using the `webpack -w` or the webpack-dev-server.
2. webpack has not yet re-run to reflect updates.
3. You have misconfigured Webpacker's config/webpacker.yml file.
4. Your webpack configuration is not creating a manifest.
Your manifest contains:
{
}
):
     7:     <%= csp_meta_tag %>
     8: 
     9:     <%= stylesheet_link_tag 'application', media: 'all', 'data-turbolinks-track': 'reload' %>
    10:     <%= javascript_pack_tag 'application', 'data-turbolinks-track': 'reload' %>
    11:   </head>
    12: 
    13:   <body>
  
app/views/layouts/application.html.erb:10
Started GET "/home/top" for ::1 at 2021-01-20 18:21:46 +0900
  
ActionController::RoutingError (No route matches [GET] "/home/top"):
  
Started GET "/home" for ::1 at 2021-01-20 18:21:50 +0900
  
ActionController::RoutingError (No route matches [GET] "/home"):
  
Started GET "/" for ::1 at 2021-01-20 18:21:59 +0900
Processing by Rails::WelcomeController#index as HTML
  Rendering C:/Ruby27-x64/lib/ruby/gems/2.7.0/gems/railties-6.1.1/lib/rails/templates/rails/welcome/index.html.erb
  Rendered C:/Ruby27-x64/lib/ruby/gems/2.7.0/gems/railties-6.1.1/lib/rails/templates/rails/welcome/index.html.erb (Duration: 5.3ms | Allocations: 216)
Completed 200 OK in 16ms (Views: 12.8ms | Allocations: 840)


Started GET "/" for ::1 at 2021-01-20 18:22:01 +0900
Processing by Rails::WelcomeController#index as HTML
  Rendering C:/Ruby27-x64/lib/ruby/gems/2.7.0/gems/railties-6.1.1/lib/rails/templates/rails/welcome/index.html.erb
  Rendered C:/Ruby27-x64/lib/ruby/gems/2.7.0/gems/railties-6.1.1/lib/rails/templates/rails/welcome/index.html.erb (Duration: 0.2ms | Allocations: 46)
Completed 200 OK in 2ms (Views: 2.1ms | Allocations: 342)


Started GET "/top" for ::1 at 2021-01-20 18:22:11 +0900
Processing by HomeController#top as HTML
  Rendering layout layouts/application.html.erb
  Rendering home/top.html.erb within layouts/application
  Rendered home/top.html.erb within layouts/application (Duration: 0.4ms | Allocations: 126)
[Webpacker] Compiling...
[Webpacker] Compilation failed:
yarn run v1.22.5
info Visit https://yarnpkg.com/en/docs/cli/run for documentation about this command.


error Command "webpack" not found.

  Rendered layout layouts/application.html.erb (Duration: 3096.0ms | Allocations: 14470)
Completed 500 Internal Server Error in 3108ms (Allocations: 15468)


  
ActionView::Template::Error (Webpacker can't find application.js in C:/Users/munen/Desktop/ruby.test/student_app/public/packs/manifest.json. Possible causes:
1. You want to set webpacker.yml value of compile to true for your environment
   unless you are using the `webpack -w` or the webpack-dev-server.
2. webpack has not yet re-run to reflect updates.
3. You have misconfigured Webpacker's config/webpacker.yml file.
4. Your webpack configuration is not creating a manifest.
Your manifest contains:
{
}
):
     7:     <%= csp_meta_tag %>
     8: 
     9:     <%= stylesheet_link_tag 'application', media: 'all', 'data-turbolinks-track': 'reload' %>
    10:     <%= javascript_pack_tag 'application', 'data-turbolinks-track': 'reload' %>
    11:   </head>
    12: 
    13:   <body>
  
app/views/layouts/application.html.erb:10
Started GET "/top" for ::1 at 2021-01-20 18:22:42 +0900
Processing by HomeController#top as HTML
  Rendering layout layouts/application.html.erb
  Rendering home/top.html.erb within layouts/application
  Rendered home/top.html.erb within layouts/application (Duration: 0.6ms | Allocations: 122)
  Rendered layout layouts/application.html.erb (Duration: 7.3ms | Allocations: 1981)
Completed 200 OK in 33ms (Views: 31.1ms | Allocations: 3012)


Started GET "/top.jpg" for ::1 at 2021-01-20 18:22:43 +0900
Processing by HomeController#top as JPEG
Completed 406 Not Acceptable in 14ms (Allocations: 1273)


  
ActionController::UnknownFormat (HomeController#top is missing a template for this request format and variant.

request.formats: ["image/jpeg"]
request.variant: []):
  
actionpack (6.1.1) lib/action_controller/metal/implicit_render.rb:42:in `default_render'
actionpack (6.1.1) lib/action_controller/metal/basic_implicit_render.rb:6:in `block in send_action'
actionpack (6.1.1) lib/action_controller/metal/basic_implicit_render.rb:6:in `tap'
actionpack (6.1.1) lib/action_controller/metal/basic_implicit_render.rb:6:in `send_action'
actionpack (6.1.1) lib/abstract_controller/base.rb:228:in `process_action'
actionpack (6.1.1) lib/action_controller/metal/rendering.rb:30:in `process_action'
actionpack (6.1.1) lib/abstract_controller/callbacks.rb:42:in `block in process_action'
activesupport (6.1.1) lib/active_support/callbacks.rb:117:in `block in run_callbacks'
actiontext (6.1.1) lib/action_text/rendering.rb:20:in `with_renderer'
actiontext (6.1.1) lib/action_text/engine.rb:55:in `block (4 levels) in <class:Engine>'
activesupport (6.1.1) lib/active_support/callbacks.rb:126:in `instance_exec'
activesupport (6.1.1) lib/active_support/callbacks.rb:126:in `block in run_callbacks'
activesupport (6.1.1) lib/active_support/callbacks.rb:137:in `run_callbacks'
actionpack (6.1.1) lib/abstract_controller/callbacks.rb:41:in `process_action'
actionpack (6.1.1) lib/action_controller/metal/rescue.rb:22:in `process_action'
actionpack (6.1.1) lib/action_controller/metal/instrumentation.rb:34:in `block in process_action'
activesupport (6.1.1) lib/active_support/notifications.rb:203:in `block in instrument'
activesupport (6.1.1) lib/active_support/notifications/instrumenter.rb:24:in `instrument'
activesupport (6.1.1) lib/active_support/notifications.rb:203:in `instrument'
actionpack (6.1.1) lib/action_controller/metal/instrumentation.rb:33:in `process_action'
actionpack (6.1.1) lib/action_controller/metal/params_wrapper.rb:249:in `process_action'
activerecord (6.1.1) lib/active_record/railties/controller_runtime.rb:27:in `process_action'
actionpack (6.1.1) lib/abstract_controller/base.rb:165:in `process'
actionview (6.1.1) lib/action_view/rendering.rb:39:in `process'
actionpack (6.1.1) lib/action_controller/metal.rb:190:in `dispatch'
actionpack (6.1.1) lib/action_controller/metal.rb:254:in `dispatch'
actionpack (6.1.1) lib/action_dispatch/routing/route_set.rb:50:in `dispatch'
actionpack (6.1.1) lib/action_dispatch/routing/route_set.rb:33:in `serve'
actionpack (6.1.1) lib/action_dispatch/journey/router.rb:50:in `block in serve'
actionpack (6.1.1) lib/action_dispatch/journey/router.rb:32:in `each'
actionpack (6.1.1) lib/action_dispatch/journey/router.rb:32:in `serve'
actionpack (6.1.1) lib/action_dispatch/routing/route_set.rb:842:in `call'
rack (2.2.3) lib/rack/tempfile_reaper.rb:15:in `call'
rack (2.2.3) lib/rack/etag.rb:27:in `call'
rack (2.2.3) lib/rack/conditional_get.rb:27:in `call'
rack (2.2.3) lib/rack/head.rb:12:in `call'
actionpack (6.1.1) lib/action_dispatch/http/permissions_policy.rb:22:in `call'
actionpack (6.1.1) lib/action_dispatch/http/content_security_policy.rb:18:in `call'
rack (2.2.3) lib/rack/session/abstract/id.rb:266:in `context'
rack (2.2.3) lib/rack/session/abstract/id.rb:260:in `call'
actionpack (6.1.1) lib/action_dispatch/middleware/cookies.rb:689:in `call'
activerecord (6.1.1) lib/active_record/migration.rb:601:in `call'
actionpack (6.1.1) lib/action_dispatch/middleware/callbacks.rb:27:in `block in call'
activesupport (6.1.1) lib/active_support/callbacks.rb:98:in `run_callbacks'
actionpack (6.1.1) lib/action_dispatch/middleware/callbacks.rb:26:in `call'
actionpack (6.1.1) lib/action_dispatch/middleware/executor.rb:14:in `call'
actionpack (6.1.1) lib/action_dispatch/middleware/actionable_exceptions.rb:18:in `call'
actionpack (6.1.1) lib/action_dispatch/middleware/debug_exceptions.rb:29:in `call'
web-console (4.1.0) lib/web_console/middleware.rb:132:in `call_app'
web-console (4.1.0) lib/web_console/middleware.rb:28:in `block in call'
web-console (4.1.0) lib/web_console/middleware.rb:17:in `catch'
web-console (4.1.0) lib/web_console/middleware.rb:17:in `call'
actionpack (6.1.1) lib/action_dispatch/middleware/show_exceptions.rb:33:in `call'
railties (6.1.1) lib/rails/rack/logger.rb:37:in `call_app'
railties (6.1.1) lib/rails/rack/logger.rb:26:in `block in call'
activesupport (6.1.1) lib/active_support/tagged_logging.rb:99:in `block in tagged'
activesupport (6.1.1) lib/active_support/tagged_logging.rb:37:in `tagged'
activesupport (6.1.1) lib/active_support/tagged_logging.rb:99:in `tagged'
railties (6.1.1) lib/rails/rack/logger.rb:26:in `call'
sprockets-rails (3.2.2) lib/sprockets/rails/quiet_assets.rb:13:in `call'
actionpack (6.1.1) lib/action_dispatch/middleware/remote_ip.rb:81:in `call'
actionpack (6.1.1) lib/action_dispatch/middleware/request_id.rb:26:in `call'
rack (2.2.3) lib/rack/method_override.rb:24:in `call'
rack (2.2.3) lib/rack/runtime.rb:22:in `call'
activesupport (6.1.1) lib/active_support/cache/strategy/local_cache_middleware.rb:29:in `call'
actionpack (6.1.1) lib/action_dispatch/middleware/executor.rb:14:in `call'
actionpack (6.1.1) lib/action_dispatch/middleware/static.rb:24:in `call'
rack (2.2.3) lib/rack/sendfile.rb:110:in `call'
actionpack (6.1.1) lib/action_dispatch/middleware/host_authorization.rb:98:in `call'
rack-mini-profiler (2.3.0) lib/mini_profiler/profiler.rb:373:in `call'
webpacker (5.2.1) lib/webpacker/dev_server_proxy.rb:25:in `perform_request'
rack-proxy (0.6.5) lib/rack/proxy.rb:57:in `call'
railties (6.1.1) lib/rails/engine.rb:539:in `call'
puma (5.1.1) lib/puma/configuration.rb:246:in `call'
puma (5.1.1) lib/puma/request.rb:76:in `block in handle_request'
puma (5.1.1) lib/puma/thread_pool.rb:337:in `with_force_shutdown'
puma (5.1.1) lib/puma/request.rb:75:in `handle_request'
puma (5.1.1) lib/puma/server.rb:431:in `process_client'
puma (5.1.1) lib/puma/thread_pool.rb:145:in `block in spawn_thread'
Started GET "/" for ::1 at 2021-01-20 18:22:46 +0900
Processing by Rails::WelcomeController#index as HTML
  Rendering C:/Ruby27-x64/lib/ruby/gems/2.7.0/gems/railties-6.1.1/lib/rails/templates/rails/welcome/index.html.erb
  Rendered C:/Ruby27-x64/lib/ruby/gems/2.7.0/gems/railties-6.1.1/lib/rails/templates/rails/welcome/index.html.erb (Duration: 6.4ms | Allocations: 215)
Completed 200 OK in 21ms (Views: 17.8ms | Allocations: 859)


Started GET "/top" for ::1 at 2021-01-20 18:22:48 +0900
Processing by HomeController#top as HTML
  Rendering layout layouts/application.html.erb
  Rendering home/top.html.erb within layouts/application
  Rendered home/top.html.erb within layouts/application (Duration: 0.1ms | Allocations: 38)
  Rendered layout layouts/application.html.erb (Duration: 9.0ms | Allocations: 1934)
Completed 200 OK in 18ms (Views: 17.5ms | Allocations: 2308)


Started GET "/about" for ::1 at 2021-01-20 18:22:50 +0900
Processing by HomeController#about as HTML
  Rendering layout layouts/application.html.erb
  Rendering home/about.html.erb within layouts/application
  Rendered home/about.html.erb within layouts/application (Duration: 0.7ms | Allocations: 128)
  Rendered layout layouts/application.html.erb (Duration: 8.5ms | Allocations: 2017)
Completed 200 OK in 22ms (Views: 19.6ms | Allocations: 2515)


Started GET "/tweets.png" for ::1 at 2021-01-20 18:22:50 +0900
  
ActionController::RoutingError (No route matches [GET] "/tweets.png"):
  
Started GET "/top" for ::1 at 2021-01-20 18:22:52 +0900
Processing by HomeController#top as HTML
  Rendering layout layouts/application.html.erb
  Rendering home/top.html.erb within layouts/application
  Rendered home/top.html.erb within layouts/application (Duration: 0.1ms | Allocations: 38)
  Rendered layout layouts/application.html.erb (Duration: 15.6ms | Allocations: 1924)
Completed 200 OK in 17ms (Views: 16.7ms | Allocations: 2298)


Started GET "/top" for ::1 at 2021-01-20 18:23:58 +0900
Processing by HomeController#top as HTML
  Rendering layout layouts/application.html.erb
  Rendering home/top.html.erb within layouts/application
  Rendered home/top.html.erb within layouts/application (Duration: 0.1ms | Allocations: 38)
  Rendered layout layouts/application.html.erb (Duration: 8.4ms | Allocations: 1925)
Completed 200 OK in 14ms (Views: 13.2ms | Allocations: 2298)


Started GET "/about" for ::1 at 2021-01-20 18:24:00 +0900
Processing by HomeController#about as HTML
  Rendering layout layouts/application.html.erb
  Rendering home/about.html.erb within layouts/application
  Rendered home/about.html.erb within layouts/application (Duration: 0.1ms | Allocations: 38)
  Rendered layout layouts/application.html.erb (Duration: 7.5ms | Allocations: 1924)
Completed 200 OK in 16ms (Views: 15.4ms | Allocations: 2297)


Started GET "/about" for ::1 at 2021-01-20 18:28:19 +0900
Processing by HomeController#about as HTML
  Rendering layout layouts/application.html.erb
  Rendering home/about.html.erb within layouts/application
  Rendered home/about.html.erb within layouts/application (Duration: 0.1ms | Allocations: 38)
  Rendered layout layouts/application.html.erb (Duration: 6.8ms | Allocations: 1929)
Completed 200 OK in 9ms (Views: 7.9ms | Allocations: 2302)


Started GET "/tweets.png" for ::1 at 2021-01-20 18:28:19 +0900
  
ActionController::RoutingError (No route matches [GET] "/tweets.png"):
  
Started GET "/" for ::1 at 2021-01-20 18:28:27 +0900
Processing by Rails::WelcomeController#index as HTML
  Rendering C:/Ruby27-x64/lib/ruby/gems/2.7.0/gems/railties-6.1.1/lib/rails/templates/rails/welcome/index.html.erb
  Rendered C:/Ruby27-x64/lib/ruby/gems/2.7.0/gems/railties-6.1.1/lib/rails/templates/rails/welcome/index.html.erb (Duration: 0.3ms | Allocations: 45)
Completed 200 OK in 12ms (Views: 11.3ms | Allocations: 388)


Started GET "/" for ::1 at 2021-01-20 18:28:29 +0900
Processing by Rails::WelcomeController#index as HTML
  Rendering C:/Ruby27-x64/lib/ruby/gems/2.7.0/gems/railties-6.1.1/lib/rails/templates/rails/welcome/index.html.erb
  Rendered C:/Ruby27-x64/lib/ruby/gems/2.7.0/gems/railties-6.1.1/lib/rails/templates/rails/welcome/index.html.erb (Duration: 0.4ms | Allocations: 45)
Completed 200 OK in 15ms (Views: 14.0ms | Allocations: 387)


Started GET "/about" for ::1 at 2021-01-20 18:28:30 +0900
Processing by HomeController#about as HTML
  Rendering layout layouts/application.html.erb
  Rendering home/about.html.erb within layouts/application
  Rendered home/about.html.erb within layouts/application (Duration: 0.1ms | Allocations: 38)
  Rendered layout layouts/application.html.erb (Duration: 5.3ms | Allocations: 1925)
Completed 200 OK in 7ms (Views: 6.5ms | Allocations: 2298)


Started GET "/about" for ::1 at 2021-01-20 18:28:31 +0900
Processing by HomeController#about as HTML
  Rendering layout layouts/application.html.erb
  Rendering home/about.html.erb within layouts/application
  Rendered home/about.html.erb within layouts/application (Duration: 0.2ms | Allocations: 38)
  Rendered layout layouts/application.html.erb (Duration: 14.2ms | Allocations: 1924)
Completed 200 OK in 17ms (Views: 16.3ms | Allocations: 2297)


Started GET "/tweets.png" for ::1 at 2021-01-20 18:28:31 +0900
  
ActionController::RoutingError (No route matches [GET] "/tweets.png"):
  
Started GET "/about" for ::1 at 2021-01-20 18:28:32 +0900
Processing by HomeController#about as HTML
  Rendering layout layouts/application.html.erb
  Rendering home/about.html.erb within layouts/application
  Rendered home/about.html.erb within layouts/application (Duration: 0.1ms | Allocations: 38)
  Rendered layout layouts/application.html.erb (Duration: 5.9ms | Allocations: 1929)
Completed 200 OK in 12ms (Views: 11.0ms | Allocations: 2302)


Started GET "/tweets.png" for ::1 at 2021-01-20 18:28:32 +0900
  
ActionController::RoutingError (No route matches [GET] "/tweets.png"):
  
Started GET "/about" for ::1 at 2021-01-20 18:28:33 +0900
Processing by HomeController#about as HTML
  Rendering layout layouts/application.html.erb
  Rendering home/about.html.erb within layouts/application
  Rendered home/about.html.erb within layouts/application (Duration: 0.1ms | Allocations: 38)
  Rendered layout layouts/application.html.erb (Duration: 13.4ms | Allocations: 1929)
Completed 200 OK in 15ms (Views: 14.9ms | Allocations: 2302)


Started GET "/tweets.png" for ::1 at 2021-01-20 18:28:33 +0900
  
ActionController::RoutingError (No route matches [GET] "/tweets.png"):
  
Started GET "/about" for ::1 at 2021-01-20 18:29:21 +0900
Processing by HomeController#about as HTML
  Rendering layout layouts/application.html.erb
  Rendering home/about.html.erb within layouts/application
  Rendered home/about.html.erb within layouts/application (Duration: 0.2ms | Allocations: 38)
  Rendered layout layouts/application.html.erb (Duration: 13.3ms | Allocations: 1929)
Completed 200 OK in 16ms (Views: 15.7ms | Allocations: 2302)


Started GET "/about" for ::1 at 2021-01-20 18:29:24 +0900
Processing by HomeController#about as HTML
  Rendering layout layouts/application.html.erb
  Rendering home/about.html.erb within layouts/application
  Rendered home/about.html.erb within layouts/application (Duration: 0.2ms | Allocations: 38)
  Rendered layout layouts/application.html.erb (Duration: 12.5ms | Allocations: 1924)
Completed 200 OK in 16ms (Views: 15.4ms | Allocations: 2297)


Started GET "/" for ::1 at 2021-01-20 18:29:25 +0900
Processing by Rails::WelcomeController#index as HTML
  Rendering C:/Ruby27-x64/lib/ruby/gems/2.7.0/gems/railties-6.1.1/lib/rails/templates/rails/welcome/index.html.erb
  Rendered C:/Ruby27-x64/lib/ruby/gems/2.7.0/gems/railties-6.1.1/lib/rails/templates/rails/welcome/index.html.erb (Duration: 0.3ms | Allocations: 45)
Completed 200 OK in 10ms (Views: 9.4ms | Allocations: 387)


Started GET "/" for ::1 at 2021-01-20 18:30:21 +0900
Processing by HomeController#top as HTML
  Rendering layout layouts/application.html.erb
  Rendering home/top.html.erb within layouts/application
  Rendered home/top.html.erb within layouts/application (Duration: 0.2ms | Allocations: 38)
  Rendered layout layouts/application.html.erb (Duration: 10.8ms | Allocations: 1932)
Completed 200 OK in 14ms (Views: 12.9ms | Allocations: 2424)


Started GET "/about" for ::1 at 2021-01-20 18:30:28 +0900
Processing by HomeController#about as HTML
  Rendering layout layouts/application.html.erb
  Rendering home/about.html.erb within layouts/application
  Rendered home/about.html.erb within layouts/application (Duration: 0.1ms | Allocations: 38)
  Rendered layout layouts/application.html.erb (Duration: 15.7ms | Allocations: 1924)
Completed 200 OK in 18ms (Views: 17.4ms | Allocations: 2297)


Started GET "/" for ::1 at 2021-01-20 18:30:29 +0900
Processing by HomeController#top as HTML
  Rendering layout layouts/application.html.erb
  Rendering home/top.html.erb within layouts/application
  Rendered home/top.html.erb within layouts/application (Duration: 0.1ms | Allocations: 38)
  Rendered layout layouts/application.html.erb (Duration: 5.6ms | Allocations: 1924)
Completed 200 OK in 7ms (Views: 6.7ms | Allocations: 2297)


